#
# There is insufficient memory for the Java Runtime Environment to continue.
# Native memory allocation (malloc) failed to allocate 860976 bytes for Chunk::new
# Possible reasons:
#   The system is out of physical RAM or swap space
#   In 32 bit mode, the process size limit was hit
# Possible solutions:
#   Reduce memory load on the system
#   Increase physical memory or swap space
#   Check if swap backing store is full
#   Use 64 bit Java on a 64 bit OS
#   Decrease Java heap size (-Xmx/-Xms)
#   Decrease number of Java threads
#   Decrease Java thread stack sizes (-Xss)
#   Set larger code cache with -XX:ReservedCodeCacheSize=
# This output file may be truncated or incomplete.
#
#  Out of Memory Error (allocation.cpp:328), pid=211340, tid=215120
#
# JRE version: 7.0_10-b18
# Java VM: Java HotSpot(TM) 64-Bit Server VM (23.6-b04 mixed mode windows-amd64 compressed oops)
# Failed to write core dump. Minidumps are not enabled by default on client versions of Windows
#

---------------  T H R E A D  ---------------

Current thread (0x00000000091f5800):  JavaThread "C2 CompilerThread0" daemon [_thread_in_native, id=215120, stack(0x000000000a820000,0x000000000a920000)]

Stack: [0x000000000a820000,0x000000000a920000]

Current CompileTask:
C2:  10091  516   !         com.android.dx.cf.code.Ropper::processBlock (1101 bytes)


---------------  P R O C E S S  ---------------

Java Threads: ( => current thread )
  0x000000000ae2c000 JavaThread "pool-2-thread-4" [_thread_blocked, id=189132, stack(0x00000000025f0000,0x00000000026f0000)]
  0x000000000ae2b800 JavaThread "pool-2-thread-3" [_thread_in_Java, id=174216, stack(0x000000000b2b0000,0x000000000b3b0000)]
  0x000000000ae1b000 JavaThread "pool-2-thread-2" [_thread_in_Java, id=167492, stack(0x000000000b570000,0x000000000b670000)]
  0x000000000ad0e000 JavaThread "pool-3-thread-1" [_thread_blocked, id=183496, stack(0x000000000b400000,0x000000000b500000)]
  0x000000000ae71800 JavaThread "pool-2-thread-1" [_thread_in_vm, id=210048, stack(0x000000000b1a0000,0x000000000b2a0000)]
  0x00000000091fc000 JavaThread "Service Thread" daemon [_thread_blocked, id=217300, stack(0x000000000a9f0000,0x000000000aaf0000)]
  0x00000000091fb000 JavaThread "C2 CompilerThread1" daemon [_thread_in_native, id=213460, stack(0x000000000a150000,0x000000000a250000)]
=>0x00000000091f5800 JavaThread "C2 CompilerThread0" daemon [_thread_in_native, id=215120, stack(0x000000000a820000,0x000000000a920000)]
  0x00000000091f4800 JavaThread "Attach Listener" daemon [_thread_blocked, id=141176, stack(0x000000000a690000,0x000000000a790000)]
  0x00000000091ed800 JavaThread "Signal Dispatcher" daemon [_thread_blocked, id=205896, stack(0x000000000a500000,0x000000000a600000)]
  0x0000000002409800 JavaThread "Finalizer" daemon [_thread_blocked, id=223208, stack(0x0000000009f00000,0x000000000a000000)]
  0x0000000002400000 JavaThread "Reference Handler" daemon [_thread_blocked, id=209352, stack(0x000000000a2b0000,0x000000000a3b0000)]
  0x00000000021cd800 JavaThread "main" [_thread_in_Java, id=198240, stack(0x00000000026f0000,0x00000000027f0000)]

Other Threads:
  0x0000000009131800 VMThread [stack: 0x000000000a050000,0x000000000a150000] [id=211560]
  0x0000000009205000 WatcherThread [stack: 0x000000000ab50000,0x000000000ac50000] [id=217660]

VM state:not at safepoint (normal execution)

VM Mutex/Monitor currently owned by a thread: None

Heap
 PSYoungGen      total 69952K, used 20061K [0x00000000eaab0000, 0x00000000ef430000, 0x0000000100000000)
  eden space 64640K, 22% used [0x00000000eaab0000,0x00000000eb91cf58,0x00000000ee9d0000)
  from space 5312K, 99% used [0x00000000eef00000,0x00000000ef42a658,0x00000000ef430000)
  to   space 5312K, 0% used [0x00000000ee9d0000,0x00000000ee9d0000,0x00000000eef00000)
 ParOldGen       total 85952K, used 16350K [0x00000000c0000000, 0x00000000c53f0000, 0x00000000eaab0000)
  object space 85952K, 19% used [0x00000000c0000000,0x00000000c0ff7920,0x00000000c53f0000)
 PSPermGen       total 21248K, used 6073K [0x00000000bae00000, 0x00000000bc2c0000, 0x00000000c0000000)
  object space 21248K, 28% used [0x00000000bae00000,0x00000000bb3ee628,0x00000000bc2c0000)

Card table byte_map: [0x00000000057f0000,0x0000000005a20000] byte_map_base: 0x0000000005219000

Polling page: 0x0000000000250000

Code Cache  [0x00000000027f0000, 0x0000000002a60000, 0x00000000057f0000)
 total_blobs=743 nmethods=506 adapters=188 free_code_cache=47119Kb largest_free_block=48183296

Compilation events (10 events):
Event: 9.948 Thread 0x00000000091fb000  512             com.android.dx.dex.cf.CfTranslator::translate0 (259 bytes)
Event: 9.949 Thread 0x00000000091f5800 nmethod 511 0x00000000028bf810 code [0x00000000028bf960, 0x00000000028bfab8]
Event: 10.017 Thread 0x00000000091fb000 nmethod 512 0x0000000002906490 code [0x00000000029068a0, 0x0000000002909100]
Event: 10.028 Thread 0x00000000091f5800  513             com.android.dx.cf.direct.AttributeListParser::parseIfNecessary (12 bytes)
Event: 10.033 Thread 0x00000000091f5800 nmethod 513 0x00000000028bee50 code [0x00000000028befc0, 0x00000000028bf308]
Event: 10.059 Thread 0x00000000091fb000  515             com.android.dx.dex.code.RopTranslator::getRegs (64 bytes)
Event: 10.061 Thread 0x00000000091f5800  516   !         com.android.dx.cf.code.Ropper::processBlock (1101 bytes)
Event: 10.068 Thread 0x00000000091fb000 nmethod 515 0x000000000296ae50 code [0x000000000296afe0, 0x000000000296b448]
Event: 10.080 Thread 0x00000000091fb000  517             com.android.dx.rop.cst.CstString::<init> (35 bytes)
Event: 10.081 Thread 0x00000000091fb000 nmethod 517 0x00000000028beb10 code [0x00000000028bec60, 0x00000000028bed58]

GC Heap History (8 events):
Event: 6.437 GC heap before
{Heap before GC invocations=1 (full 0):
 PSYoungGen      total 37632K, used 32320K [0x00000000eaab0000, 0x00000000ed4a0000, 0x0000000100000000)
  eden space 32320K, 100% used [0x00000000eaab0000,0x00000000eca40000,0x00000000eca40000)
  from space 5312K, 0% used [0x00000000ecf70000,0x00000000ecf70000,0x00000000ed4a0000)
  to   space 5312K, 0% used [0x00000000eca40000,0x00000000eca40000,0x00000000ecf70000)
 ParOldGen       total 85952K, used 0K [0x00000000c0000000, 0x00000000c53f0000, 0x00000000eaab0000)
  object space 85952K, 0% used [0x00000000c0000000,0x00000000c0000000,0x00000000c53f0000)
 PSPermGen       total 21248K, used 5889K [0x00000000bae00000, 0x00000000bc2c0000, 0x00000000c0000000)
  object space 21248K, 27% used [0x00000000bae00000,0x00000000bb3c0520,0x00000000bc2c0000)
Event: 6.447 GC heap after
Heap after GC invocations=1 (full 0):
 PSYoungGen      total 37632K, used 5300K [0x00000000eaab0000, 0x00000000ed4a0000, 0x0000000100000000)
  eden space 32320K, 0% used [0x00000000eaab0000,0x00000000eaab0000,0x00000000eca40000)
  from space 5312K, 99% used [0x00000000eca40000,0x00000000ecf6d288,0x00000000ecf70000)
  to   space 5312K, 0% used [0x00000000ecf70000,0x00000000ecf70000,0x00000000ed4a0000)
 ParOldGen       total 85952K, used 1597K [0x00000000c0000000, 0x00000000c53f0000, 0x00000000eaab0000)
  object space 85952K, 1% used [0x00000000c0000000,0x00000000c018f4c8,0x00000000c53f0000)
 PSPermGen       total 21248K, used 5889K [0x00000000bae00000, 0x00000000bc2c0000, 0x00000000c0000000)
  object space 21248K, 27% used [0x00000000bae00000,0x00000000bb3c0520,0x00000000bc2c0000)
}
Event: 8.470 GC heap before
{Heap before GC invocations=2 (full 0):
 PSYoungGen      total 37632K, used 37620K [0x00000000eaab0000, 0x00000000ed4a0000, 0x0000000100000000)
  eden space 32320K, 100% used [0x00000000eaab0000,0x00000000eca40000,0x00000000eca40000)
  from space 5312K, 99% used [0x00000000eca40000,0x00000000ecf6d288,0x00000000ecf70000)
  to   space 5312K, 0% used [0x00000000ecf70000,0x00000000ecf70000,0x00000000ed4a0000)
 ParOldGen       total 85952K, used 1597K [0x00000000c0000000, 0x00000000c53f0000, 0x00000000eaab0000)
  object space 85952K, 1% used [0x00000000c0000000,0x00000000c018f4c8,0x00000000c53f0000)
 PSPermGen       total 21248K, used 5994K [0x00000000bae00000, 0x00000000bc2c0000, 0x00000000c0000000)
  object space 21248K, 28% used [0x00000000bae00000,0x00000000bb3dabe0,0x00000000bc2c0000)
Event: 8.481 GC heap after
Heap after GC invocations=2 (full 0):
 PSYoungGen      total 37632K, used 5288K [0x00000000eaab0000, 0x00000000ed4a0000, 0x0000000100000000)
  eden space 32320K, 0% used [0x00000000eaab0000,0x00000000eaab0000,0x00000000eca40000)
  from space 5312K, 99% used [0x00000000ecf70000,0x00000000ed49a0c8,0x00000000ed4a0000)
  to   space 5312K, 0% used [0x00000000eca40000,0x00000000eca40000,0x00000000ecf70000)
 ParOldGen       total 85952K, used 6269K [0x00000000c0000000, 0x00000000c53f0000, 0x00000000eaab0000)
  object space 85952K, 7% used [0x00000000c0000000,0x00000000c061f760,0x00000000c53f0000)
 PSPermGen       total 21248K, used 5994K [0x00000000bae00000, 0x00000000bc2c0000, 0x00000000c0000000)
  object space 21248K, 28% used [0x00000000bae00000,0x00000000bb3dabe0,0x00000000bc2c0000)
}
Event: 9.182 GC heap before
{Heap before GC invocations=3 (full 0):
 PSYoungGen      total 37632K, used 37608K [0x00000000eaab0000, 0x00000000ed4a0000, 0x0000000100000000)
  eden space 32320K, 100% used [0x00000000eaab0000,0x00000000eca40000,0x00000000eca40000)
  from space 5312K, 99% used [0x00000000ecf70000,0x00000000ed49a0c8,0x00000000ed4a0000)
  to   space 5312K, 0% used [0x00000000eca40000,0x00000000eca40000,0x00000000ecf70000)
 ParOldGen       total 85952K, used 6269K [0x00000000c0000000, 0x00000000c53f0000, 0x00000000eaab0000)
  object space 85952K, 7% used [0x00000000c0000000,0x00000000c061f760,0x00000000c53f0000)
 PSPermGen       total 21248K, used 6037K [0x00000000bae00000, 0x00000000bc2c0000, 0x00000000c0000000)
  object space 21248K, 28% used [0x00000000bae00000,0x00000000bb3e5478,0x00000000bc2c0000)
Event: 9.223 GC heap after
Heap after GC invocations=3 (full 0):
 PSYoungGen      total 37632K, used 5304K [0x00000000eaab0000, 0x00000000ef430000, 0x0000000100000000)
  eden space 32320K, 0% used [0x00000000eaab0000,0x00000000eaab0000,0x00000000eca40000)
  from space 5312K, 99% used [0x00000000eca40000,0x00000000ecf6e028,0x00000000ecf70000)
  to   space 5312K, 0% used [0x00000000eef00000,0x00000000eef00000,0x00000000ef430000)
 ParOldGen       total 85952K, used 11399K [0x00000000c0000000, 0x00000000c53f0000, 0x00000000eaab0000)
  object space 85952K, 13% used [0x00000000c0000000,0x00000000c0b21da0,0x00000000c53f0000)
 PSPermGen       total 21248K, used 6037K [0x00000000bae00000, 0x00000000bc2c0000, 0x00000000c0000000)
  object space 21248K, 28% used [0x00000000bae00000,0x00000000bb3e5478,0x00000000bc2c0000)
}
Event: 9.635 GC heap before
{Heap before GC invocations=4 (full 0):
 PSYoungGen      total 37632K, used 37624K [0x00000000eaab0000, 0x00000000ef430000, 0x0000000100000000)
  eden space 32320K, 100% used [0x00000000eaab0000,0x00000000eca40000,0x00000000eca40000)
  from space 5312K, 99% used [0x00000000eca40000,0x00000000ecf6e028,0x00000000ecf70000)
  to   space 5312K, 0% used [0x00000000eef00000,0x00000000eef00000,0x00000000ef430000)
 ParOldGen       total 85952K, used 11399K [0x00000000c0000000, 0x00000000c53f0000, 0x00000000eaab0000)
  object space 85952K, 13% used [0x00000000c0000000,0x00000000c0b21da0,0x00000000c53f0000)
 PSPermGen       total 21248K, used 6062K [0x00000000bae00000, 0x00000000bc2c0000, 0x00000000c0000000)
  object space 21248K, 28% used [0x00000000bae00000,0x00000000bb3ebb50,0x00000000bc2c0000)
Event: 9.761 GC heap after
Heap after GC invocations=4 (full 0):
 PSYoungGen      total 69952K, used 5289K [0x00000000eaab0000, 0x00000000ef430000, 0x0000000100000000)
  eden space 64640K, 0% used [0x00000000eaab0000,0x00000000eaab0000,0x00000000ee9d0000)
  from space 5312K, 99% used [0x00000000eef00000,0x00000000ef42a658,0x00000000ef430000)
  to   space 5312K, 0% used [0x00000000ee9d0000,0x00000000ee9d0000,0x00000000eef00000)
 ParOldGen       total 85952K, used 16350K [0x00000000c0000000, 0x00000000c53f0000, 0x00000000eaab0000)
  object space 85952K, 19% used [0x00000000c0000000,0x00000000c0ff7920,0x00000000c53f0000)
 PSPermGen       total 21248K, used 6062K [0x00000000bae00000, 0x00000000bc2c0000, 0x00000000c0000000)
  object space 21248K, 28% used [0x00000000bae00000,0x00000000bb3ebb50,0x00000000bc2c0000)
}

Deoptimization events (10 events):
Event: 8.979 Thread 0x000000000ae2c000 Uncommon trap -34 fr.pc 0x00000000028f2fdc
Event: 8.982 Thread 0x000000000ae71800 Uncommon trap -34 fr.pc 0x00000000028f2fdc
Event: 8.999 Thread 0x000000000ae71800 Uncommon trap -34 fr.pc 0x00000000028f2fdc
Event: 9.179 Thread 0x00000000021cd800 Uncommon trap 210 fr.pc 0x00000000029723e4
Event: 9.293 Thread 0x000000000ae1b000 Uncommon trap -34 fr.pc 0x00000000028c4610
Event: 9.373 Thread 0x000000000ae1b000 Uncommon trap -83 fr.pc 0x00000000028afbf4
Event: 9.391 Thread 0x000000000ae1b000 Uncommon trap -83 fr.pc 0x00000000028ce268
Event: 9.400 Thread 0x000000000ae1b000 Uncommon trap -34 fr.pc 0x00000000029d13c8
Event: 9.401 Thread 0x000000000ae1b000 Uncommon trap -34 fr.pc 0x00000000029d13c8
Event: 9.860 Thread 0x000000000ae2b800 Uncommon trap -34 fr.pc 0x00000000028f2fdc

Internal exceptions (10 events):
Event: 7.594 Thread 0x00000000021cd800 Threw 0x00000000eb8a53f8 at C:\jdk7u2_64p\jdk7u10\hotspot\src\share\vm\prims\jvm.cpp:1166
Event: 7.595 Thread 0x00000000021cd800 Threw 0x00000000eb8a7848 at C:\jdk7u2_64p\jdk7u10\hotspot\src\share\vm\prims\jvm.cpp:1166
Event: 7.596 Thread 0x00000000021cd800 Threw 0x00000000eb8ab5d8 at C:\jdk7u2_64p\jdk7u10\hotspot\src\share\vm\prims\jvm.cpp:1166
Event: 7.596 Thread 0x00000000021cd800 Threw 0x00000000eb8ad7f8 at C:\jdk7u2_64p\jdk7u10\hotspot\src\share\vm\prims\jvm.cpp:1166
Event: 7.609 Thread 0x000000000ae2c000 Threw 0x00000000eb96e208 at C:\jdk7u2_64p\jdk7u10\hotspot\src\share\vm\prims\jvm.cpp:1166
Event: 7.610 Thread 0x000000000ae2c000 Threw 0x00000000eb973830 at C:\jdk7u2_64p\jdk7u10\hotspot\src\share\vm\prims\jvm.cpp:1166
Event: 7.611 Thread 0x000000000ae2c000 Threw 0x00000000eb978bd8 at C:\jdk7u2_64p\jdk7u10\hotspot\src\share\vm\prims\jvm.cpp:1166
Event: 8.722 Thread 0x00000000021cd800 Threw 0x00000000ebaa8908 at C:\jdk7u2_64p\jdk7u10\hotspot\src\share\vm\prims\jvm.cpp:1166
Event: 9.060 Thread 0x00000000021cd800 Threw 0x00000000ec424378 at C:\jdk7u2_64p\jdk7u10\hotspot\src\share\vm\prims\jvm.cpp:1166
Event: 9.374 Thread 0x000000000ae1b000 Threw 0x00000000eb4f7fb0 at C:\jdk7u2_64p\jdk7u10\hotspot\src\share\vm\prims\jvm.cpp:1166

Events (10 events):
Event: 9.565 Executing VM operation: ParallelGCFailedAllocation
Event: 9.761 Executing VM operation: ParallelGCFailedAllocation done
Event: 9.793 Thread 0x00000000091fb000 flushing nmethod 0x000000000286ff90
Event: 9.802 Thread 0x00000000091fb000 flushing nmethod 0x0000000002892a10
Event: 9.838 Thread 0x00000000091f5800 flushing nmethod 0x00000000028b2a50
Event: 9.840 Thread 0x00000000091f5800 flushing nmethod 0x00000000028beb10
Event: 9.843 Thread 0x00000000091f5800 flushing nmethod 0x00000000028e4150
Event: 9.844 Thread 0x00000000091f5800 flushing nmethod 0x00000000029009d0
Event: 9.860 Thread 0x000000000ae2b800 DEOPT PACKING pc=0x00000000028f2fdc sp=0x000000000b3ae9b0
Event: 9.860 Thread 0x000000000ae2b800 DEOPT UNPACKING pc=0x0000000002829164 sp=0x000000000b3ae908 mode 2


Dynamic libraries:
0x000000013faf0000 - 0x000000013fb23000 	C:\Program Files\Java\jdk1.7.0_10\bin\java.exe
0x00000000774f0000 - 0x000000007769a000 	C:\windows\SYSTEM32\ntdll.dll
0x00000000772d0000 - 0x00000000773ef000 	C:\windows\system32\kernel32.dll
0x000007fefd360000 - 0x000007fefd3ca000 	C:\windows\system32\KERNELBASE.dll
0x000007feff360000 - 0x000007feff43b000 	C:\windows\system32\ADVAPI32.dll
0x000007fefeb90000 - 0x000007fefec2f000 	C:\windows\system32\msvcrt.dll
0x000007feff7e0000 - 0x000007feff7ff000 	C:\windows\SYSTEM32\sechost.dll
0x000007feff090000 - 0x000007feff1bd000 	C:\windows\system32\RPCRT4.dll
0x00000000773f0000 - 0x00000000774ea000 	C:\windows\system32\USER32.dll
0x000007fefee10000 - 0x000007fefee77000 	C:\windows\system32\GDI32.dll
0x000007feff1c0000 - 0x000007feff1ce000 	C:\windows\system32\LPK.dll
0x000007feff440000 - 0x000007feff50a000 	C:\windows\system32\USP10.dll
0x000007fefb990000 - 0x000007fefbb84000 	C:\windows\WinSxS\amd64_microsoft.windows.common-controls_6595b64144ccf1df_6.0.7601.18837_none_fa3b1e3d17594757\COMCTL32.dll
0x000007fefeab0000 - 0x000007fefeb21000 	C:\windows\system32\SHLWAPI.dll
0x000007fefea80000 - 0x000007fefeaae000 	C:\windows\system32\IMM32.DLL
0x000007fefd9b0000 - 0x000007fefdab9000 	C:\windows\system32\MSCTF.dll
0x000007fefd1a0000 - 0x000007fefd1d2000 	C:\windows\system32\nvinitx.dll
0x000000000f000000 - 0x000000000f006000 	C:\Program Files\NVIDIA Corporation\CoProcManager\detoured.dll
0x000007fef6660000 - 0x000007fef6693000 	C:\Program Files\NVIDIA Corporation\CoProcManager\nvd3d9wrapx.dll
0x000007fefec30000 - 0x000007fefee07000 	C:\windows\system32\SETUPAPI.dll
0x000007fefd2d0000 - 0x000007fefd306000 	C:\windows\system32\CFGMGR32.dll
0x000007fefdac0000 - 0x000007fefdb98000 	C:\windows\system32\OLEAUT32.dll
0x000007fefee80000 - 0x000007feff083000 	C:\windows\system32\ole32.dll
0x000007fefd3f0000 - 0x000007fefd40a000 	C:\windows\system32\DEVOBJ.dll
0x000007fef6610000 - 0x000007fef6633000 	C:\Program Files\NVIDIA Corporation\CoProcManager\nvdxgiwrapx.dll
0x000000006c430000 - 0x000000006c501000 	C:\Program Files\Java\jdk1.7.0_10\jre\bin\msvcr100.dll
0x0000000064770000 - 0x0000000064e8f000 	C:\Program Files\Java\jdk1.7.0_10\jre\bin\server\jvm.dll
0x000007fefc4f0000 - 0x000007fefc4f9000 	C:\windows\system32\WSOCK32.dll
0x000007fefd630000 - 0x000007fefd67d000 	C:\windows\system32\WS2_32.dll
0x000007fefea70000 - 0x000007fefea78000 	C:\windows\system32\NSI.dll
0x000007fefaca0000 - 0x000007fefacdb000 	C:\windows\system32\WINMM.dll
0x00000000776b0000 - 0x00000000776b7000 	C:\windows\system32\PSAPI.DLL
0x0000000074a40000 - 0x0000000074a4f000 	C:\Program Files\Java\jdk1.7.0_10\jre\bin\verify.dll
0x0000000074a00000 - 0x0000000074a28000 	C:\Program Files\Java\jdk1.7.0_10\jre\bin\java.dll
0x0000000074830000 - 0x0000000074845000 	C:\Program Files\Java\jdk1.7.0_10\jre\bin\zip.dll
0x0000000074810000 - 0x0000000074829000 	C:\Program Files\Java\jdk1.7.0_10\jre\bin\net.dll
0x000007fefc980000 - 0x000007fefc9d5000 	C:\windows\system32\mswsock.dll
0x000007fefc970000 - 0x000007fefc977000 	C:\windows\System32\wship6.dll
0x00000000747f0000 - 0x0000000074801000 	C:\Program Files\Java\jdk1.7.0_10\jre\bin\nio.dll

VM Arguments:
jvm_args: -Djava.awt.headless=true -Xmx1024M -Dfile.encoding=x-MS950-HKSCS -Duser.country=HK -Duser.language=zh -Duser.variant 
java_command: com.android.dx.command.Main --dex --force-jumbo --num-threads=4 --multi-dex --output C:\Users\Gary\AndroidStudioProjects\BackgroundYoutubePlayer\app\build\intermediates\transforms\dex\debug\folders\1000\10\com.android.support-support-v4-23.4.0_cd2057e56c01e7530e9c56e50faab69e825c0e34 C:\Users\Gary\AndroidStudioProjects\BackgroundYoutubePlayer\app\build\intermediates\exploded-aar\com.android.support\support-v4\23.4.0\jars\classes.jar
Launcher Type: SUN_STANDARD

Environment Variables:
PATH=C:\Program Files (x86)\NVIDIA Corporation\PhysX\Common;c:\Program Files (x86)\Intel\iCLS Client\;c:\Program Files\Intel\iCLS Client\;C:\Program Files\Common Files\Microsoft Shared\Windows Live;C:\Program Files (x86)\Common Files\Microsoft Shared\Windows Live;C:\windows\system32;C:\windows;C:\windows\System32\Wbem;C:\windows\System32\WindowsPowerShell\v1.0\;C:\Program Files (x86)\Windows Live\Shared;C:\Program Files (x86)\Intel\OpenCL SDK\2.0\bin\x86;C:\Program Files (x86)\Intel\OpenCL SDK\2.0\bin\x64;c:\Program Files (x86)\Common Files\Roxio Shared\DLLShared\;c:\Program Files (x86)\Common Files\Roxio Shared\OEM\DLLShared\;c:\Program Files (x86)\Common Files\Roxio Shared\OEM\DLLShared\;c:\Program Files (x86)\Common Files\Roxio Shared\OEM\12.0\DLLShared\;c:\Program Files (x86)\Roxio 2010\OEM\AudioCore\;c:\Program Files\Softex\OmniPass\;C:\Program Files\Intel\Intel(R) Management Engine Components\DAL;C:\Program Files\Intel\Intel(R) Management Engine Components\IPT;C:\Program Files (x86)\Intel\Intel(R) Management Engine Components\DAL;C:\Program Files (x86)\Intel\Intel(R) Management Engine Components\IPT;C:\Program Files (x86)\MiKTeX 2.9\miktex\bin\;C:\Python27;C:\Python27\Scripts;C:\Program Files (x86)\Windows Kits\8.1\Windows Performance Toolkit\;C:\Program Files\Microsoft SQL Server\110\Tools\Binn\;C:\Program Files (x86)\Microsoft SDKs\TypeScript\1.0\;C:\Program Files\Microsoft SQL Server\120\Tools\Binn\;C:\Program Files (x86)\Skype\Phone\;C:\Program Files (x86)\SSH Communications Security\SSH Secure Shell;C:\Python27\
USERNAME=Gary
OS=Windows_NT
PROCESSOR_IDENTIFIER=Intel64 Family 6 Model 58 Stepping 9, GenuineIntel



---------------  S Y S T E M  ---------------

OS: Windows 7 , 64 bit Build 7601 Service Pack 1

CPU:total 4 (2 cores per cpu, 2 threads per core) family 6 model 58 stepping 9, cmov, cx8, fxsr, mmx, sse, sse2, sse3, ssse3, sse4.1, sse4.2, popcnt, avx, ht, tsc, tscinvbit, tscinv

Memory: 4k page, physical 8245796k(1019684k free), swap 32981324k(5328k free)

vm_info: Java HotSpot(TM) 64-Bit Server VM (23.6-b04) for windows-amd64 JRE (1.7.0_10-b18), built on Nov 28 2012 05:00:40 by "java_re" with unknown MS VC++:1600

time: Tue Jun 07 02:24:35 2016
elapsed time: 10 seconds

